Release 14.5 - xst P.58f (nt64)
Copyright (c) 1995-2012 Xilinx, Inc.  All rights reserved.
--> Parameter TMPDIR set to xst/projnav.tmp


Total REAL time to Xst completion: 0.00 secs
Total CPU time to Xst completion: 0.22 secs
 
--> Parameter xsthdpdir set to xst


Total REAL time to Xst completion: 0.00 secs
Total CPU time to Xst completion: 0.23 secs
 
--> Reading design: Adder_4Bits.prj

TABLE OF CONTENTS
  1) Synthesis Options Summary
  2) HDL Compilation
  3) Design Hierarchy Analysis
  4) HDL Analysis
  5) HDL Synthesis
     5.1) HDL Synthesis Report
  6) Advanced HDL Synthesis
     6.1) Advanced HDL Synthesis Report
  7) Low Level Synthesis
  8) Partition Report
  9) Final Report
	9.1) Device utilization summary
	9.2) Partition Resource Summary
	9.3) TIMING REPORT


=========================================================================
*                      Synthesis Options Summary                        *
=========================================================================
---- Source Parameters
Input File Name                    : "Adder_4Bits.prj"
Input Format                       : mixed
Ignore Synthesis Constraint File   : NO

---- Target Parameters
Output File Name                   : "Adder_4Bits"
Output Format                      : NGC
Target Device                      : xc3s50-4-pq208

---- Source Options
Top Module Name                    : Adder_4Bits
Automatic FSM Extraction           : YES
FSM Encoding Algorithm             : Auto
Safe Implementation                : No
FSM Style                          : LUT
RAM Extraction                     : Yes
RAM Style                          : Auto
ROM Extraction                     : Yes
Mux Style                          : Auto
Decoder Extraction                 : YES
Priority Encoder Extraction        : Yes
Shift Register Extraction          : YES
Logical Shifter Extraction         : YES
XOR Collapsing                     : YES
ROM Style                          : Auto
Mux Extraction                     : Yes
Resource Sharing                   : YES
Asynchronous To Synchronous        : NO
Multiplier Style                   : Auto
Automatic Register Balancing       : No

---- Target Options
Add IO Buffers                     : YES
Global Maximum Fanout              : 100000
Add Generic Clock Buffer(BUFG)     : 8
Register Duplication               : YES
Slice Packing                      : YES
Optimize Instantiated Primitives   : NO
Use Clock Enable                   : Yes
Use Synchronous Set                : Yes
Use Synchronous Reset              : Yes
Pack IO Registers into IOBs        : Auto
Equivalent register Removal        : YES

---- General Options
Optimization Goal                  : Speed
Optimization Effort                : 1
Keep Hierarchy                     : No
Netlist Hierarchy                  : As_Optimized
RTL Output                         : Yes
Global Optimization                : AllClockNets
Read Cores                         : YES
Write Timing Constraints           : NO
Cross Clock Analysis               : NO
Hierarchy Separator                : /
Bus Delimiter                      : <>
Case Specifier                     : Maintain
Slice Utilization Ratio            : 100
BRAM Utilization Ratio             : 100
Verilog 2001                       : YES
Auto BRAM Packing                  : NO
Slice Utilization Ratio Delta      : 5

=========================================================================


=========================================================================
*                          HDL Compilation                              *
=========================================================================
Compiling vhdl file "F:/Files/A_Beltagy/Adder_4Bits.vhf" in Library work.
Architecture behavioral of Entity full_adder_muser_adder_4bits is up to date.
Architecture behavioral of Entity adder_4bits is up to date.
Compiling vhdl file "F:/Files/A_Beltagy/Full_Adder.vhf" in Library work.
Architecture behavioral of Entity full_adder is up to date.

=========================================================================
*                     Design Hierarchy Analysis                         *
=========================================================================
Analyzing hierarchy for entity <Adder_4Bits> in library <work> (architecture <behavioral>).

Analyzing hierarchy for entity <Full_Adder_MUSER_Adder_4Bits> in library <work> (architecture <behavioral>).


=========================================================================
*                            HDL Analysis                               *
=========================================================================
Analyzing Entity <Adder_4Bits> in library <work> (Architecture <behavioral>).
Entity <Adder_4Bits> analyzed. Unit <Adder_4Bits> generated.

Analyzing Entity <Full_Adder_MUSER_Adder_4Bits> in library <work> (Architecture <behavioral>).
Entity <Full_Adder_MUSER_Adder_4Bits> analyzed. Unit <Full_Adder_MUSER_Adder_4Bits> generated.


=========================================================================
*                           HDL Synthesis                               *
=========================================================================

Performing bidirectional port resolution...

Synthesizing Unit <Full_Adder_MUSER_Adder_4Bits>.
    Related source file is "F:/Files/A_Beltagy/Adder_4Bits.vhf".
Unit <Full_Adder_MUSER_Adder_4Bits> synthesized.


Synthesizing Unit <Adder_4Bits>.
    Related source file is "F:/Files/A_Beltagy/Adder_4Bits.vhf".
Unit <Adder_4Bits> synthesized.


=========================================================================
HDL Synthesis Report

Found no macro
=========================================================================

=========================================================================
*                       Advanced HDL Synthesis                          *
=========================================================================


=========================================================================
Advanced HDL Synthesis Report

Found no macro
=========================================================================

=========================================================================
*                         Low Level Synthesis                           *
=========================================================================

Optimizing unit <Adder_4Bits> ...

Mapping all equations...
Building and optimizing final netlist ...
Found area constraint ratio of 100 (+ 5) on block Adder_4Bits, actual ratio is 0.

Final Macro Processing ...

=========================================================================
Final Register Report

Found no macro
=========================================================================

=========================================================================
*                           Partition Report                            *
=========================================================================

Partition Implementation Status
-------------------------------

  No Partitions were found in this design.

-------------------------------

=========================================================================
*                            Final Report                               *
=========================================================================
Final Results
RTL Top Level Output File Name     : Adder_4Bits.ngr
Top Level Output File Name         : Adder_4Bits
Output Format                      : NGC
Optimization Goal                  : Speed
Keep Hierarchy                     : No

Design Statistics
# IOs                              : 14

Cell Usage :
# BELS                             : 20
#      AND2                        : 8
#      OR2                         : 4
#      XOR2                        : 8
# IO Buffers                       : 14
#      IBUF                        : 9
#      OBUF                        : 5
=========================================================================

Device utilization summary:
---------------------------

Selected Device : 3s50pq208-4 

 Number of Slices:                        0  out of    768     0%  
 Number of IOs:                          14
 Number of bonded IOBs:                  14  out of    124    11%  

---------------------------
Partition Resource Summary:
---------------------------

  No Partitions were found in this design.

---------------------------


=========================================================================
TIMING REPORT

NOTE: THESE TIMING NUMBERS ARE ONLY A SYNTHESIS ESTIMATE.
      FOR ACCURATE TIMING INFORMATION PLEASE REFER TO THE TRACE REPORT
      GENERATED AFTER PLACE-and-ROUTE.

Clock Information:
------------------
No clock signals found in this design

Asynchronous Control Signals Information:
----------------------------------------
No asynchronous control signals found in this design

Timing Summary:
---------------
Speed Grade: -4

   Minimum period: No path found
   Minimum input arrival time before clock: No path found
   Maximum output required time after clock: No path found
   Maximum combinational path delay: 19.814ns

Timing Detail:
--------------
All values displayed in nanoseconds (ns)

=========================================================================
Timing constraint: Default path analysis
  Total number of paths / destination ports: 53 / 5
-------------------------------------------------------------------------
Delay:               19.814ns (Levels of Logic = 11)
  Source:            b<0> (PAD)
  Destination:       carry (PAD)

  Data Path: b<0> to carry
                                Gate     Net
    Cell:in->out      fanout   Delay   Delay  Logical Name (Net Name)
    ----------------------------------------  ------------
     IBUF:I->O             2   0.821   0.877  b_0_IBUF (b_0_IBUF)
     XOR2:I0->O            2   0.551   0.877  XLXI_4/XLXI_1 (XLXI_4/XLXN_4)
     AND2:I1->O            1   0.551   0.801  XLXI_4/XLXI_3 (XLXI_4/XLXN_8)
     OR2:I1->O             2   0.551   0.877  XLXI_4/XLXI_5 (XLXN_1)
     AND2:I0->O            1   0.551   0.801  XLXI_5/XLXI_3 (XLXI_5/XLXN_8)
     OR2:I1->O             2   0.551   0.877  XLXI_5/XLXI_5 (XLXN_2)
     AND2:I0->O            1   0.551   0.801  XLXI_6/XLXI_3 (XLXI_6/XLXN_8)
     OR2:I1->O             2   0.551   0.877  XLXI_6/XLXI_5 (XLXN_3)
     AND2:I0->O            1   0.551   0.801  XLXI_7/XLXI_3 (XLXI_7/XLXN_8)
     OR2:I1->O             1   0.551   0.801  XLXI_7/XLXI_5 (carry_OBUF)
     OBUF:I->O                 5.644          carry_OBUF (carry)
    ----------------------------------------
    Total                     19.814ns (11.424ns logic, 8.390ns route)
                                       (57.7% logic, 42.3% route)

=========================================================================


Total REAL time to Xst completion: 6.00 secs
Total CPU time to Xst completion: 5.38 secs
 
--> 

Total memory usage is 262092 kilobytes

Number of errors   :    0 (   0 filtered)
Number of warnings :    0 (   0 filtered)
Number of infos    :    0 (   0 filtered)

