Release 14.5 - xst P.58f (nt64)
Copyright (c) 1995-2012 Xilinx, Inc.  All rights reserved.
--> Parameter TMPDIR set to xst/projnav.tmp


Total REAL time to Xst completion: 0.00 secs
Total CPU time to Xst completion: 0.12 secs
 
--> Parameter xsthdpdir set to xst


Total REAL time to Xst completion: 0.00 secs
Total CPU time to Xst completion: 0.12 secs
 
--> Reading design: FlipFlop.prj

TABLE OF CONTENTS
  1) Synthesis Options Summary
  2) HDL Compilation
  3) Design Hierarchy Analysis
  4) HDL Analysis
  5) HDL Synthesis
     5.1) HDL Synthesis Report
  6) Advanced HDL Synthesis
     6.1) Advanced HDL Synthesis Report
  7) Low Level Synthesis
  8) Partition Report
  9) Final Report
	9.1) Device utilization summary
	9.2) Partition Resource Summary
	9.3) TIMING REPORT


=========================================================================
*                      Synthesis Options Summary                        *
=========================================================================
---- Source Parameters
Input File Name                    : "FlipFlop.prj"
Input Format                       : mixed
Ignore Synthesis Constraint File   : NO

---- Target Parameters
Output File Name                   : "FlipFlop"
Output Format                      : NGC
Target Device                      : xc3s50-4-pq208

---- Source Options
Top Module Name                    : FlipFlop
Automatic FSM Extraction           : YES
FSM Encoding Algorithm             : Auto
Safe Implementation                : No
FSM Style                          : LUT
RAM Extraction                     : Yes
RAM Style                          : Auto
ROM Extraction                     : Yes
Mux Style                          : Auto
Decoder Extraction                 : YES
Priority Encoder Extraction        : Yes
Shift Register Extraction          : YES
Logical Shifter Extraction         : YES
XOR Collapsing                     : YES
ROM Style                          : Auto
Mux Extraction                     : Yes
Resource Sharing                   : YES
Asynchronous To Synchronous        : NO
Multiplier Style                   : Auto
Automatic Register Balancing       : No

---- Target Options
Add IO Buffers                     : YES
Global Maximum Fanout              : 100000
Add Generic Clock Buffer(BUFG)     : 8
Register Duplication               : YES
Slice Packing                      : YES
Optimize Instantiated Primitives   : NO
Use Clock Enable                   : Yes
Use Synchronous Set                : Yes
Use Synchronous Reset              : Yes
Pack IO Registers into IOBs        : Auto
Equivalent register Removal        : YES

---- General Options
Optimization Goal                  : Speed
Optimization Effort                : 1
Keep Hierarchy                     : No
Netlist Hierarchy                  : As_Optimized
RTL Output                         : Yes
Global Optimization                : AllClockNets
Read Cores                         : YES
Write Timing Constraints           : NO
Cross Clock Analysis               : NO
Hierarchy Separator                : /
Bus Delimiter                      : <>
Case Specifier                     : Maintain
Slice Utilization Ratio            : 100
BRAM Utilization Ratio             : 100
Verilog 2001                       : YES
Auto BRAM Packing                  : NO
Slice Utilization Ratio Delta      : 5

=========================================================================


=========================================================================
*                          HDL Compilation                              *
=========================================================================
WARNING:HDLParsers:3607 - Unit work/FJKC_MXILINX_FlipFlop is now defined in a different file.  It was defined in "F:/Files/A_Beltagy/FlipFlop.vhf", and is now defined in "C:/Users/Mahmoud_mohamed/Desktop/A_Beltagy/FlipFlop.vhf".
WARNING:HDLParsers:3607 - Unit work/FJKC_MXILINX_FlipFlop/BEHAVIORAL is now defined in a different file.  It was defined in "F:/Files/A_Beltagy/FlipFlop.vhf", and is now defined in "C:/Users/Mahmoud_mohamed/Desktop/A_Beltagy/FlipFlop.vhf".
WARNING:HDLParsers:3607 - Unit work/FlipFlop is now defined in a different file.  It was defined in "F:/Files/A_Beltagy/FlipFlop.vhf", and is now defined in "C:/Users/Mahmoud_mohamed/Desktop/A_Beltagy/FlipFlop.vhf".
WARNING:HDLParsers:3607 - Unit work/FlipFlop/BEHAVIORAL is now defined in a different file.  It was defined in "F:/Files/A_Beltagy/FlipFlop.vhf", and is now defined in "C:/Users/Mahmoud_mohamed/Desktop/A_Beltagy/FlipFlop.vhf".
Compiling vhdl file "C:/Users/Mahmoud_mohamed/Desktop/A_Beltagy/FlipFlop.vhf" in Library work.
Entity <fjkc_mxilinx_flipflop> compiled.
Entity <fjkc_mxilinx_flipflop> (Architecture <behavioral>) compiled.
Entity <flipflop> compiled.
Entity <flipflop> (Architecture <behavioral>) compiled.

=========================================================================
*                     Design Hierarchy Analysis                         *
=========================================================================
Analyzing hierarchy for entity <FlipFlop> in library <work> (architecture <behavioral>).

Analyzing hierarchy for entity <FJKC_MXILINX_FlipFlop> in library <work> (architecture <behavioral>) with generics.
	INIT = '0'


=========================================================================
*                            HDL Analysis                               *
=========================================================================
Analyzing Entity <FlipFlop> in library <work> (Architecture <behavioral>).
    Set user-defined property "HU_SET =  XLXI_1_0" for instance <XLXI_1> in unit <FlipFlop>.
    Set user-defined property "HU_SET =  XLXI_2_1" for instance <XLXI_2> in unit <FlipFlop>.
Entity <FlipFlop> analyzed. Unit <FlipFlop> generated.

Analyzing generic Entity <FJKC_MXILINX_FlipFlop> in library <work> (Architecture <behavioral>).
	INIT = '0'
    Set user-defined property "INIT =  0" for instance <I_36_32> in unit <FJKC_MXILINX_FlipFlop>.
    Set user-defined property "RLOC =  X0Y0" for instance <I_36_32> in unit <FJKC_MXILINX_FlipFlop>.
Entity <FJKC_MXILINX_FlipFlop> analyzed. Unit <FJKC_MXILINX_FlipFlop> generated.


=========================================================================
*                           HDL Synthesis                               *
=========================================================================

Performing bidirectional port resolution...

Synthesizing Unit <FJKC_MXILINX_FlipFlop>.
    Related source file is "C:/Users/Mahmoud_mohamed/Desktop/A_Beltagy/FlipFlop.vhf".
Unit <FJKC_MXILINX_FlipFlop> synthesized.


Synthesizing Unit <FlipFlop>.
    Related source file is "C:/Users/Mahmoud_mohamed/Desktop/A_Beltagy/FlipFlop.vhf".
Unit <FlipFlop> synthesized.


=========================================================================
HDL Synthesis Report

Found no macro
=========================================================================

=========================================================================
*                       Advanced HDL Synthesis                          *
=========================================================================


=========================================================================
Advanced HDL Synthesis Report

Macro Statistics
# Registers                                            : 2
 Flip-Flops                                            : 2

=========================================================================

=========================================================================
*                         Low Level Synthesis                           *
=========================================================================

Optimizing unit <FlipFlop> ...

Optimizing unit <FJKC_MXILINX_FlipFlop> ...

Mapping all equations...
Building and optimizing final netlist ...
Found area constraint ratio of 100 (+ 5) on block FlipFlop, actual ratio is 0.

Final Macro Processing ...

=========================================================================
Final Register Report

Macro Statistics
# Registers                                            : 2
 Flip-Flops                                            : 2

=========================================================================

=========================================================================
*                           Partition Report                            *
=========================================================================

Partition Implementation Status
-------------------------------

  No Partitions were found in this design.

-------------------------------

=========================================================================
*                            Final Report                               *
=========================================================================
Final Results
RTL Top Level Output File Name     : FlipFlop.ngr
Top Level Output File Name         : FlipFlop
Output Format                      : NGC
Optimization Goal                  : Speed
Keep Hierarchy                     : No

Design Statistics
# IOs                              : 3

Cell Usage :
# BELS                             : 12
#      AND2B1                      : 2
#      AND3B1                      : 2
#      AND3B2                      : 2
#      GND                         : 1
#      INV                         : 2
#      OR3                         : 2
#      VCC                         : 1
# FlipFlops/Latches                : 2
#      FDC                         : 2
# Clock Buffers                    : 1
#      BUFGP                       : 1
# IO Buffers                       : 2
#      OBUF                        : 2
=========================================================================

Device utilization summary:
---------------------------

Selected Device : 3s50pq208-4 

 Number of Slices:                        1  out of    768     0%  
 Number of Slice Flip Flops:              2  out of   1536     0%  
 Number of 4 input LUTs:                  2  out of   1536     0%  
 Number of IOs:                           3
 Number of bonded IOBs:                   3  out of    124     2%  
 Number of GCLKs:                         1  out of      8    12%  

---------------------------
Partition Resource Summary:
---------------------------

  No Partitions were found in this design.

---------------------------


=========================================================================
TIMING REPORT

NOTE: THESE TIMING NUMBERS ARE ONLY A SYNTHESIS ESTIMATE.
      FOR ACCURATE TIMING INFORMATION PLEASE REFER TO THE TRACE REPORT
      GENERATED AFTER PLACE-and-ROUTE.

Clock Information:
------------------
-----------------------------------+------------------------+-------+
Clock Signal                       | Clock buffer(FF name)  | Load  |
-----------------------------------+------------------------+-------+
XLXI_1/Q                           | NONE(XLXI_2/I_36_32)   | 1     |
clk                                | BUFGP                  | 1     |
-----------------------------------+------------------------+-------+
INFO:Xst:2169 - HDL ADVISOR - Some clock signals were not automatically buffered by XST with BUFG/BUFR resources. Please use the buffer_type constraint in order to insert these buffers to the clock signals to help prevent skew problems.

Asynchronous Control Signals Information:
----------------------------------------
-----------------------------------+------------------------+-------+
Control Signal                     | Buffer(FF name)        | Load  |
-----------------------------------+------------------------+-------+
XLXN_37(XLXI_11:G)                 | NONE(XLXI_1/I_36_32)   | 2     |
-----------------------------------+------------------------+-------+

Timing Summary:
---------------
Speed Grade: -4

   Minimum period: 4.544ns (Maximum Frequency: 220.070MHz)
   Minimum input arrival time before clock: No path found
   Maximum output required time after clock: 7.281ns
   Maximum combinational path delay: No path found

Timing Detail:
--------------
All values displayed in nanoseconds (ns)

=========================================================================
Timing constraint: Default period analysis for Clock 'XLXI_1/Q'
  Clock period: 4.534ns (frequency: 220.556MHz)
  Total number of paths / destination ports: 2 / 1
-------------------------------------------------------------------------
Delay:               4.534ns (Levels of Logic = 2)
  Source:            XLXI_2/I_36_32 (FF)
  Destination:       XLXI_2/I_36_32 (FF)
  Source Clock:      XLXI_1/Q falling
  Destination Clock: XLXI_1/Q falling

  Data Path: XLXI_2/I_36_32 to XLXI_2/I_36_32
                                Gate     Net
    Cell:in->out      fanout   Delay   Delay  Logical Name (Net Name)
    ----------------------------------------  ------------
     FDC:C->Q              3   0.720   0.907  I_36_32 (Q)
     AND3B2:I2->O          1   0.551   0.801  I_36_37 (A0)
     OR3:I2->O             1   0.551   0.801  I_36_41 (AD)
     FDC:D                     0.203          I_36_32
    ----------------------------------------
    Total                      4.534ns (2.025ns logic, 2.509ns route)
                                       (44.7% logic, 55.3% route)

=========================================================================
Timing constraint: Default period analysis for Clock 'clk'
  Clock period: 4.544ns (frequency: 220.070MHz)
  Total number of paths / destination ports: 2 / 1
-------------------------------------------------------------------------
Delay:               4.544ns (Levels of Logic = 2)
  Source:            XLXI_1/I_36_32 (FF)
  Destination:       XLXI_1/I_36_32 (FF)
  Source Clock:      clk falling
  Destination Clock: clk falling

  Data Path: XLXI_1/I_36_32 to XLXI_1/I_36_32
                                Gate     Net
    Cell:in->out      fanout   Delay   Delay  Logical Name (Net Name)
    ----------------------------------------  ------------
     FDC:C->Q              4   0.720   0.917  I_36_32 (Q)
     AND3B2:I2->O          1   0.551   0.801  I_36_37 (A0)
     OR3:I2->O             1   0.551   0.801  I_36_41 (AD)
     FDC:D                     0.203          I_36_32
    ----------------------------------------
    Total                      4.544ns (2.025ns logic, 2.519ns route)
                                       (44.6% logic, 55.4% route)

=========================================================================
Timing constraint: Default OFFSET OUT AFTER for Clock 'clk'
  Total number of paths / destination ports: 1 / 1
-------------------------------------------------------------------------
Offset:              7.281ns (Levels of Logic = 2)
  Source:            XLXI_1/I_36_32 (FF)
  Destination:       Q0 (PAD)
  Source Clock:      clk falling

  Data Path: XLXI_1/I_36_32 to Q0
                                Gate     Net
    Cell:in->out      fanout   Delay   Delay  Logical Name (Net Name)
    ----------------------------------------  ------------
     FDC:C->Q              4   0.720   0.917  I_36_32 (Q)
     end scope: 'XLXI_1'
     OBUF:I->O                 5.644          Q0_OBUF (Q0)
    ----------------------------------------
    Total                      7.281ns (6.364ns logic, 0.917ns route)
                                       (87.4% logic, 12.6% route)

=========================================================================
Timing constraint: Default OFFSET OUT AFTER for Clock 'XLXI_1/Q'
  Total number of paths / destination ports: 1 / 1
-------------------------------------------------------------------------
Offset:              7.271ns (Levels of Logic = 2)
  Source:            XLXI_2/I_36_32 (FF)
  Destination:       Q1 (PAD)
  Source Clock:      XLXI_1/Q falling

  Data Path: XLXI_2/I_36_32 to Q1
                                Gate     Net
    Cell:in->out      fanout   Delay   Delay  Logical Name (Net Name)
    ----------------------------------------  ------------
     FDC:C->Q              3   0.720   0.907  I_36_32 (Q)
     end scope: 'XLXI_2'
     OBUF:I->O                 5.644          Q1_OBUF (Q1)
    ----------------------------------------
    Total                      7.271ns (6.364ns logic, 0.907ns route)
                                       (87.5% logic, 12.5% route)

=========================================================================


Total REAL time to Xst completion: 5.00 secs
Total CPU time to Xst completion: 5.04 secs
 
--> 

Total memory usage is 302000 kilobytes

Number of errors   :    0 (   0 filtered)
Number of warnings :    4 (   0 filtered)
Number of infos    :    1 (   0 filtered)

